<?xml version="1.0" encoding="UTF-8"?>
<testsuite xmlns:xsi="http://www.w3.org/2001/XMLSchema-instance" xsi:noNamespaceSchemaLocation="https://maven.apache.org/surefire/maven-surefire-plugin/xsd/surefire-test-report-3.0.xsd" version="3.0" name="com.seismiq.common.model.ReportTest" time="0.242" tests="2" errors="0" skipped="0" failures="0">
  <properties>
    <property name="java.specification.version" value="21"/>
    <property name="sun.cpu.isalist" value="amd64"/>
    <property name="sun.jnu.encoding" value="Cp1254"/>
    <property name="java.class.path" value="C:\Users\Sıla\Documents\GitHub\SeismIQ\seismiq-backend\common-lib\target\test-classes;C:\Users\Sıla\Documents\GitHub\SeismIQ\seismiq-backend\common-lib\target\classes;C:\Users\Sıla\.m2\repository\software\amazon\awssdk\dynamodb-enhanced\2.25.24\dynamodb-enhanced-2.25.24.jar;C:\Users\Sıla\.m2\repository\software\amazon\awssdk\aws-core\2.25.24\aws-core-2.25.24.jar;C:\Users\Sıla\.m2\repository\software\amazon\awssdk\http-auth-spi\2.25.24\http-auth-spi-2.25.24.jar;C:\Users\Sıla\.m2\repository\software\amazon\awssdk\identity-spi\2.25.24\identity-spi-2.25.24.jar;C:\Users\Sıla\.m2\repository\software\amazon\awssdk\http-auth\2.25.24\http-auth-2.25.24.jar;C:\Users\Sıla\.m2\repository\software\amazon\awssdk\profiles\2.25.24\profiles-2.25.24.jar;C:\Users\Sıla\.m2\repository\software\amazon\awssdk\metrics-spi\2.25.24\metrics-spi-2.25.24.jar;C:\Users\Sıla\.m2\repository\software\amazon\awssdk\endpoints-spi\2.25.24\endpoints-spi-2.25.24.jar;C:\Users\Sıla\.m2\repository\software\amazon\eventstream\eventstream\1.0.1\eventstream-1.0.1.jar;C:\Users\Sıla\.m2\repository\software\amazon\awssdk\json-utils\2.25.24\json-utils-2.25.24.jar;C:\Users\Sıla\.m2\repository\software\amazon\awssdk\third-party-jackson-core\2.25.24\third-party-jackson-core-2.25.24.jar;C:\Users\Sıla\.m2\repository\software\amazon\awssdk\http-client-spi\2.25.24\http-client-spi-2.25.24.jar;C:\Users\Sıla\.m2\repository\org\reactivestreams\reactive-streams\1.0.4\reactive-streams-1.0.4.jar;C:\Users\Sıla\.m2\repository\software\amazon\awssdk\sdk-core\2.25.24\sdk-core-2.25.24.jar;C:\Users\Sıla\.m2\repository\software\amazon\awssdk\http-auth-aws\2.25.24\http-auth-aws-2.25.24.jar;C:\Users\Sıla\.m2\repository\software\amazon\awssdk\checksums-spi\2.25.24\checksums-spi-2.25.24.jar;C:\Users\Sıla\.m2\repository\software\amazon\awssdk\checksums\2.25.24\checksums-2.25.24.jar;C:\Users\Sıla\.m2\repository\org\slf4j\slf4j-api\1.7.30\slf4j-api-1.7.30.jar;C:\Users\Sıla\.m2\repository\software\amazon\awssdk\auth\2.25.24\auth-2.25.24.jar;C:\Users\Sıla\.m2\repository\software\amazon\awssdk\regions\2.25.24\regions-2.25.24.jar;C:\Users\Sıla\.m2\repository\software\amazon\awssdk\dynamodb\2.22.13\dynamodb-2.22.13.jar;C:\Users\Sıla\.m2\repository\software\amazon\awssdk\aws-json-protocol\2.25.24\aws-json-protocol-2.25.24.jar;C:\Users\Sıla\.m2\repository\software\amazon\awssdk\protocol-core\2.25.24\protocol-core-2.25.24.jar;C:\Users\Sıla\.m2\repository\software\amazon\awssdk\apache-client\2.25.24\apache-client-2.25.24.jar;C:\Users\Sıla\.m2\repository\org\apache\httpcomponents\httpclient\4.5.13\httpclient-4.5.13.jar;C:\Users\Sıla\.m2\repository\commons-logging\commons-logging\1.2\commons-logging-1.2.jar;C:\Users\Sıla\.m2\repository\org\apache\httpcomponents\httpcore\4.4.13\httpcore-4.4.13.jar;C:\Users\Sıla\.m2\repository\commons-codec\commons-codec\1.15\commons-codec-1.15.jar;C:\Users\Sıla\.m2\repository\software\amazon\awssdk\netty-nio-client\2.25.24\netty-nio-client-2.25.24.jar;C:\Users\Sıla\.m2\repository\io\netty\netty-codec-http\4.1.108.Final\netty-codec-http-4.1.108.Final.jar;C:\Users\Sıla\.m2\repository\io\netty\netty-codec-http2\4.1.108.Final\netty-codec-http2-4.1.108.Final.jar;C:\Users\Sıla\.m2\repository\io\netty\netty-codec\4.1.108.Final\netty-codec-4.1.108.Final.jar;C:\Users\Sıla\.m2\repository\io\netty\netty-transport\4.1.108.Final\netty-transport-4.1.108.Final.jar;C:\Users\Sıla\.m2\repository\io\netty\netty-common\4.1.108.Final\netty-common-4.1.108.Final.jar;C:\Users\Sıla\.m2\repository\io\netty\netty-buffer\4.1.108.Final\netty-buffer-4.1.108.Final.jar;C:\Users\Sıla\.m2\repository\io\netty\netty-handler\4.1.108.Final\netty-handler-4.1.108.Final.jar;C:\Users\Sıla\.m2\repository\io\netty\netty-transport-native-unix-common\4.1.108.Final\netty-transport-native-unix-common-4.1.108.Final.jar;C:\Users\Sıla\.m2\repository\io\netty\netty-transport-classes-epoll\4.1.108.Final\netty-transport-classes-epoll-4.1.108.Final.jar;C:\Users\Sıla\.m2\repository\io\netty\netty-resolver\4.1.108.Final\netty-resolver-4.1.108.Final.jar;C:\Users\Sıla\.m2\repository\software\amazon\awssdk\annotations\2.25.24\annotations-2.25.24.jar;C:\Users\Sıla\.m2\repository\software\amazon\awssdk\utils\2.25.24\utils-2.25.24.jar;C:\Users\Sıla\.m2\repository\com\google\code\gson\gson\2.11.0\gson-2.11.0.jar;C:\Users\Sıla\.m2\repository\com\google\errorprone\error_prone_annotations\2.27.0\error_prone_annotations-2.27.0.jar;C:\Users\Sıla\.m2\repository\org\projectlombok\lombok\1.18.32\lombok-1.18.32.jar;C:\Users\Sıla\.m2\repository\org\junit\jupiter\junit-jupiter-api\5.10.0\junit-jupiter-api-5.10.0.jar;C:\Users\Sıla\.m2\repository\org\opentest4j\opentest4j\1.3.0\opentest4j-1.3.0.jar;C:\Users\Sıla\.m2\repository\org\junit\platform\junit-platform-commons\1.10.0\junit-platform-commons-1.10.0.jar;C:\Users\Sıla\.m2\repository\org\apiguardian\apiguardian-api\1.1.2\apiguardian-api-1.1.2.jar;C:\Users\Sıla\.m2\repository\org\junit\jupiter\junit-jupiter-engine\5.10.0\junit-jupiter-engine-5.10.0.jar;C:\Users\Sıla\.m2\repository\org\junit\platform\junit-platform-engine\1.10.0\junit-platform-engine-1.10.0.jar;C:\Users\Sıla\.m2\repository\com\amazonaws\aws-lambda-java-events\3.11.3\aws-lambda-java-events-3.11.3.jar;C:\Users\Sıla\.m2\repository\joda-time\joda-time\2.10.8\joda-time-2.10.8.jar;"/>
    <property name="java.vm.vendor" value="Oracle Corporation"/>
    <property name="sun.arch.data.model" value="64"/>
    <property name="user.variant" value=""/>
    <property name="java.vendor.url" value="https://java.oracle.com/"/>
    <property name="user.timezone" value="Europe/Istanbul"/>
    <property name="os.name" value="Windows 11"/>
    <property name="java.vm.specification.version" value="21"/>
    <property name="sun.java.launcher" value="SUN_STANDARD"/>
    <property name="user.country" value="TR"/>
    <property name="sun.boot.library.path" value="C:\Program Files\Eclipse Foundation\jdk-21.0.3\bin"/>
    <property name="sun.java.command" value="C:\Users\Sıla\AppData\Local\Temp\surefire8116462949383251290\surefirebooter-20250825165701041_3.jar C:\Users\Sıla\AppData\Local\Temp\surefire8116462949383251290 2025-08-25T16-57-00_857-jvmRun1 surefire-20250825165701041_1tmp surefire_0-20250825165701041_2tmp"/>
    <property name="jdk.debug" value="release"/>
    <property name="surefire.test.class.path" value="C:\Users\Sıla\Documents\GitHub\SeismIQ\seismiq-backend\common-lib\target\test-classes;C:\Users\Sıla\Documents\GitHub\SeismIQ\seismiq-backend\common-lib\target\classes;C:\Users\Sıla\.m2\repository\software\amazon\awssdk\dynamodb-enhanced\2.25.24\dynamodb-enhanced-2.25.24.jar;C:\Users\Sıla\.m2\repository\software\amazon\awssdk\aws-core\2.25.24\aws-core-2.25.24.jar;C:\Users\Sıla\.m2\repository\software\amazon\awssdk\http-auth-spi\2.25.24\http-auth-spi-2.25.24.jar;C:\Users\Sıla\.m2\repository\software\amazon\awssdk\identity-spi\2.25.24\identity-spi-2.25.24.jar;C:\Users\Sıla\.m2\repository\software\amazon\awssdk\http-auth\2.25.24\http-auth-2.25.24.jar;C:\Users\Sıla\.m2\repository\software\amazon\awssdk\profiles\2.25.24\profiles-2.25.24.jar;C:\Users\Sıla\.m2\repository\software\amazon\awssdk\metrics-spi\2.25.24\metrics-spi-2.25.24.jar;C:\Users\Sıla\.m2\repository\software\amazon\awssdk\endpoints-spi\2.25.24\endpoints-spi-2.25.24.jar;C:\Users\Sıla\.m2\repository\software\amazon\eventstream\eventstream\1.0.1\eventstream-1.0.1.jar;C:\Users\Sıla\.m2\repository\software\amazon\awssdk\json-utils\2.25.24\json-utils-2.25.24.jar;C:\Users\Sıla\.m2\repository\software\amazon\awssdk\third-party-jackson-core\2.25.24\third-party-jackson-core-2.25.24.jar;C:\Users\Sıla\.m2\repository\software\amazon\awssdk\http-client-spi\2.25.24\http-client-spi-2.25.24.jar;C:\Users\Sıla\.m2\repository\org\reactivestreams\reactive-streams\1.0.4\reactive-streams-1.0.4.jar;C:\Users\Sıla\.m2\repository\software\amazon\awssdk\sdk-core\2.25.24\sdk-core-2.25.24.jar;C:\Users\Sıla\.m2\repository\software\amazon\awssdk\http-auth-aws\2.25.24\http-auth-aws-2.25.24.jar;C:\Users\Sıla\.m2\repository\software\amazon\awssdk\checksums-spi\2.25.24\checksums-spi-2.25.24.jar;C:\Users\Sıla\.m2\repository\software\amazon\awssdk\checksums\2.25.24\checksums-2.25.24.jar;C:\Users\Sıla\.m2\repository\org\slf4j\slf4j-api\1.7.30\slf4j-api-1.7.30.jar;C:\Users\Sıla\.m2\repository\software\amazon\awssdk\auth\2.25.24\auth-2.25.24.jar;C:\Users\Sıla\.m2\repository\software\amazon\awssdk\regions\2.25.24\regions-2.25.24.jar;C:\Users\Sıla\.m2\repository\software\amazon\awssdk\dynamodb\2.22.13\dynamodb-2.22.13.jar;C:\Users\Sıla\.m2\repository\software\amazon\awssdk\aws-json-protocol\2.25.24\aws-json-protocol-2.25.24.jar;C:\Users\Sıla\.m2\repository\software\amazon\awssdk\protocol-core\2.25.24\protocol-core-2.25.24.jar;C:\Users\Sıla\.m2\repository\software\amazon\awssdk\apache-client\2.25.24\apache-client-2.25.24.jar;C:\Users\Sıla\.m2\repository\org\apache\httpcomponents\httpclient\4.5.13\httpclient-4.5.13.jar;C:\Users\Sıla\.m2\repository\commons-logging\commons-logging\1.2\commons-logging-1.2.jar;C:\Users\Sıla\.m2\repository\org\apache\httpcomponents\httpcore\4.4.13\httpcore-4.4.13.jar;C:\Users\Sıla\.m2\repository\commons-codec\commons-codec\1.15\commons-codec-1.15.jar;C:\Users\Sıla\.m2\repository\software\amazon\awssdk\netty-nio-client\2.25.24\netty-nio-client-2.25.24.jar;C:\Users\Sıla\.m2\repository\io\netty\netty-codec-http\4.1.108.Final\netty-codec-http-4.1.108.Final.jar;C:\Users\Sıla\.m2\repository\io\netty\netty-codec-http2\4.1.108.Final\netty-codec-http2-4.1.108.Final.jar;C:\Users\Sıla\.m2\repository\io\netty\netty-codec\4.1.108.Final\netty-codec-4.1.108.Final.jar;C:\Users\Sıla\.m2\repository\io\netty\netty-transport\4.1.108.Final\netty-transport-4.1.108.Final.jar;C:\Users\Sıla\.m2\repository\io\netty\netty-common\4.1.108.Final\netty-common-4.1.108.Final.jar;C:\Users\Sıla\.m2\repository\io\netty\netty-buffer\4.1.108.Final\netty-buffer-4.1.108.Final.jar;C:\Users\Sıla\.m2\repository\io\netty\netty-handler\4.1.108.Final\netty-handler-4.1.108.Final.jar;C:\Users\Sıla\.m2\repository\io\netty\netty-transport-native-unix-common\4.1.108.Final\netty-transport-native-unix-common-4.1.108.Final.jar;C:\Users\Sıla\.m2\repository\io\netty\netty-transport-classes-epoll\4.1.108.Final\netty-transport-classes-epoll-4.1.108.Final.jar;C:\Users\Sıla\.m2\repository\io\netty\netty-resolver\4.1.108.Final\netty-resolver-4.1.108.Final.jar;C:\Users\Sıla\.m2\repository\software\amazon\awssdk\annotations\2.25.24\annotations-2.25.24.jar;C:\Users\Sıla\.m2\repository\software\amazon\awssdk\utils\2.25.24\utils-2.25.24.jar;C:\Users\Sıla\.m2\repository\com\google\code\gson\gson\2.11.0\gson-2.11.0.jar;C:\Users\Sıla\.m2\repository\com\google\errorprone\error_prone_annotations\2.27.0\error_prone_annotations-2.27.0.jar;C:\Users\Sıla\.m2\repository\org\projectlombok\lombok\1.18.32\lombok-1.18.32.jar;C:\Users\Sıla\.m2\repository\org\junit\jupiter\junit-jupiter-api\5.10.0\junit-jupiter-api-5.10.0.jar;C:\Users\Sıla\.m2\repository\org\opentest4j\opentest4j\1.3.0\opentest4j-1.3.0.jar;C:\Users\Sıla\.m2\repository\org\junit\platform\junit-platform-commons\1.10.0\junit-platform-commons-1.10.0.jar;C:\Users\Sıla\.m2\repository\org\apiguardian\apiguardian-api\1.1.2\apiguardian-api-1.1.2.jar;C:\Users\Sıla\.m2\repository\org\junit\jupiter\junit-jupiter-engine\5.10.0\junit-jupiter-engine-5.10.0.jar;C:\Users\Sıla\.m2\repository\org\junit\platform\junit-platform-engine\1.10.0\junit-platform-engine-1.10.0.jar;C:\Users\Sıla\.m2\repository\com\amazonaws\aws-lambda-java-events\3.11.3\aws-lambda-java-events-3.11.3.jar;C:\Users\Sıla\.m2\repository\joda-time\joda-time\2.10.8\joda-time-2.10.8.jar;"/>
    <property name="sun.cpu.endian" value="little"/>
    <property name="user.home" value="C:\Users\Sıla"/>
    <property name="user.language" value="tr"/>
    <property name="java.specification.vendor" value="Oracle Corporation"/>
    <property name="java.version.date" value="2025-07-15"/>
    <property name="java.home" value="C:\Program Files\Eclipse Foundation\jdk-21.0.3"/>
    <property name="file.separator" value="\"/>
    <property name="basedir" value="C:\Users\Sıla\Documents\GitHub\SeismIQ\seismiq-backend\common-lib"/>
    <property name="java.vm.compressedOopsMode" value="32-bit"/>
    <property name="line.separator" value="&#10;"/>
    <property name="java.vm.specification.vendor" value="Oracle Corporation"/>
    <property name="java.specification.name" value="Java Platform API Specification"/>
    <property name="surefire.real.class.path" value="C:\Users\Sıla\AppData\Local\Temp\surefire8116462949383251290\surefirebooter-20250825165701041_3.jar"/>
    <property name="user.script" value=""/>
    <property name="sun.management.compiler" value="HotSpot 64-Bit Tiered Compilers"/>
    <property name="java.runtime.version" value="21.0.8+12-LTS-250"/>
    <property name="user.name" value="Sıla"/>
    <property name="stdout.encoding" value="Cp1254"/>
    <property name="path.separator" value=";"/>
    <property name="os.version" value="10.0"/>
    <property name="java.runtime.name" value="Java(TM) SE Runtime Environment"/>
    <property name="file.encoding" value="UTF-8"/>
    <property name="java.vm.name" value="Java HotSpot(TM) 64-Bit Server VM"/>
    <property name="localRepository" value="C:\Users\Sıla\.m2\repository"/>
    <property name="java.vendor.url.bug" value="https://bugreport.java.com/bugreport/"/>
    <property name="java.io.tmpdir" value="C:\Users\SLA~1\AppData\Local\Temp\"/>
    <property name="java.version" value="21.0.8"/>
    <property name="user.dir" value="C:\Users\Sıla\Documents\GitHub\SeismIQ\seismiq-backend\common-lib"/>
    <property name="os.arch" value="amd64"/>
    <property name="java.vm.specification.name" value="Java Virtual Machine Specification"/>
    <property name="sun.os.patch.level" value=""/>
    <property name="native.encoding" value="Cp1254"/>
    <property name="java.library.path" value="C:\Program Files\Eclipse Foundation\jdk-21.0.3\bin;C:\WINDOWS\Sun\Java\bin;C:\WINDOWS\system32;C:\WINDOWS;C:\Program Files\Common Files\Oracle\Java\javapath;C:\Program Files (x86)\Common Files\Oracle\Java\java8path;C:\Program Files (x86)\Common Files\Oracle\Java\javapath;c:\Users\Sıla\AppData\Local\Programs\cursor\resources\app\bin;C:\Program Files\Eclipse Adoptium\jdk-17.0.12.7-hotspot\bin;C:\Windows\system32;C:\Windows;C:\Windows\System32\Wbem;C:\Windows\System32\WindowsPowerShell\v1.0\;C:\Windows\System32\OpenSSH\;C:\Program Files\NVIDIA Corporation\NVIDIA NvDLISR;C:\Program Files (x86)\NVIDIA Corporation\PhysX\Common;C:\WINDOWS\system32;C:\WINDOWS;C:\WINDOWS\System32\Wbem;C:\WINDOWS\System32\WindowsPowerShell\v1.0\;C:\WINDOWS\System32\OpenSSH\;C:\Program Files\dotnet\;C:\Program Files\Git\cmd;C:\Users\Sıla\AppData\Local\Programs\Python\Launcher\;C:\Users\Sıla\AppData\Local\Microsoft\WindowsApps;C:\Users\Sıla\AppData\Local\GitHubDesktop\bin;C:\Users\Sıla\AppData\Local\gitkraken\bin;c:\Users\Sıla\AppData\Local\Programs\cursor\resources\app\bin;C:\Users\Sıla\Downloads\apache-maven-3.9.10\bin;C:\Program Files\MySQL\MySQL Server 8.0\bin;C:\Program Files\Amazon\AWSSAMCLI\bin\;C:\Program Files\Amazon\AWSCLIV2\;C:\msys64\ucrt64\bin;C:\Users\Sıla\AppData\Local\Programs\Microsoft VS Code\bin;C:\Users\Sıla\AppData\Local\GitHubDesktop\bin;C:\Program Files\Eclipse Foundation\jdk-21.0.3\bin;C:\Program Files\apache-maven-3.8.9\bin;;c:\Users\Sıla\AppData\Roaming\Code\User\globalStorage\github.copilot-chat\debugCommand;."/>
    <property name="java.vm.info" value="mixed mode, sharing"/>
    <property name="stderr.encoding" value="Cp1254"/>
    <property name="java.vendor" value="Oracle Corporation"/>
    <property name="java.vm.version" value="21.0.8+12-LTS-250"/>
    <property name="sun.io.unicode.encoding" value="UnicodeLittle"/>
    <property name="java.class.version" value="65.0"/>
  </properties>
  <testcase name="testReportCreation" classname="com.seismiq.common.model.ReportTest" time="0.163"/>
  <testcase name="testStatusUpdate" classname="com.seismiq.common.model.ReportTest" time="0.004"/>
</testsuite>